<html>
<body>
<pre>
<h1>µVision Build Log</h1>
<h2>Tool Versions:</h2>
IDE-Version: ¦ÌVision V5.39.0.0
Copyright (C) 2023 ARM Ltd and ARM Germany GmbH. All rights reserved.
License Information: 1 1021711764@qq.com, 1, LIC=PE7DL-08QY0-9UB4U-SIAVF-UJXC4-LT6S9
 
Tool Versions:
Toolchain:       MDK-ARM Plus  Version: 5.39.0.0
Toolchain Path:  C:\Keil_v5\ARM\ARMCLANG\Bin
C Compiler:      ArmClang.exe V6.21
Assembler:       Armasm.exe V6.21
Linker/Locator:  ArmLink.exe V6.21
Library Manager: ArmAr.exe V6.21
Hex Converter:   FromElf.exe V6.21
CPU DLL:         SARMCM3.DLL V5.39.0.0
Dialog DLL:      DCM.DLL V1.17.5.0
Target DLL:      CMSIS_AGDI.dll V1.33.16.0
Dialog DLL:      TCM.DLL V1.56.4.0
 
<h2>Project:</h2>
D:\kong_qi_jing_hua_qi\AIR_Evolver_code_831\yq-dyson_831_poc\yq-dyson_831_poc\project\mdk_v5\240180_SPIm.uvprojx
Project File Date:  06/12/2025

<h2>Output:</h2>
*** Using Compiler 'V6.21', folder: 'C:\Keil_v5\ARM\ARMCLANG\Bin'
Rebuild target 'P2-prototype'
compiling logger.c...
compiling driver.c...
compiling display.c...
compiling fonts.c...
compiling usr.c...
compiling flash.c...
compiling spi_LCD.c...
compiling at32f403a_407_clock.c...
compiling lcd.c...
compiling main.c...
compiling at32f403a_407_board.c...
compiling at32f403a_407_int.c...
compiling st32f403a_407_interrupt.c...
compiling stepper_motor.c...
compiling scd40.c...
compiling i2c.c...
compiling sen68.c...
compiling opt3004.c...
../bsp/encoder.c(20): error: unknown type name 'encoder_map_handle_t'
   20 | encoder_map_handle_t map_handle;
      | ^
../bsp/encoder.c(21): error: unknown type name 'encoder_handle_t'
   21 | encoder_handle_t encoder_nozzle_handle, encoder_base_handle;
      | ^
../bsp/encoder.c(25): error: use of undeclared identifier 'encoder_config_t'; did you mean 'encoder_init'?
   25 |     encoder_config_t encoder_config;
      |     ^~~~~~~~~~~~~~~~
      |     encoder_init
../bsp/encoder.c(23): note: 'encoder_init' declared here
   23 | void encoder_init(void)
      |      ^
../bsp/encoder.c(25): error: expected ';' after expression
   25 |     encoder_config_t encoder_config;
      |                     ^
      |                     ;
../bsp/encoder.c(25): error: use of undeclared identifier 'encoder_config'; did you mean 'encoder_init'?
   25 |     encoder_config_t encoder_config;
      |                      ^~~~~~~~~~~~~~
      |                      encoder_init
../bsp/encoder.c(23): note: 'encoder_init' declared here
   23 | void encoder_init(void)
      |      ^
../bsp/encoder.c(26): error: use of undeclared identifier 'encoder_config'; did you mean 'encoder_init'?
   26 |     encoder_config.search_timeout_seconds = 0;  // æœç´¢è¶…æ—¶æ—¶é—´ï¼ˆç§’ï¼‰ï¼Œ0è¡¨ç¤ºä¸è¶…æ—¶
      |     ^~~~~~~~~~~~~~
      |     encoder_init
../bsp/encoder.c(23): note: 'encoder_init' declared here
   23 | void encoder_init(void)
      |      ^
../bsp/encoder.c(26): error: member reference base type 'void (void)' is not a structure or union
   26 |     encoder_config.search_timeout_seconds = 0;  // æœç´¢è¶…æ—¶æ—¶é—´ï¼ˆç§’ï¼‰ï¼Œ0è¡¨ç¤ºä¸è¶…æ—¶
      |     ~~~~~~~~~~~~~~^~~~~~~~~~~~~~~~~~~~~~~
../bsp/encoder.c(27): error: use of undeclared identifier 'encoder_config'; did you mean 'encoder_init'?
   27 |     encoder_config.tracking_lost_threshold = 3; // è¿ç»­3æ¬¡å¤±è´¥åˆ‡æ¢æœç´¢æ¨¡å¼
      |     ^~~~~~~~~~~~~~
      |     encoder_init
../bsp/encoder.c(23): note: 'encoder_init' declared here
   23 | void encoder_init(void)
      |      ^
../bsp/encoder.c(27): error: member reference base type 'void (void)' is not a structure or union
   27 |     encoder_config.tracking_lost_threshold = 3; // è¿ç»­3æ¬¡å¤±è´¥åˆ‡æ¢æœç´¢æ¨¡å¼
      |     ~~~~~~~~~~~~~~^~~~~~~~~~~~~~~~~~~~~~~~
../bsp/encoder.c(28): error: use of undeclared identifier 'encoder_config'; did you mean 'encoder_init'?
   28 |     encoder_config.sys_tick_get = Get_Sys_Tick; // ç³»ç»Ÿæ—¶é’Ÿè·å–å‡½æ•°æŒ‡é’ˆ
      |     ^~~~~~~~~~~~~~
      |     encoder_init
../bsp/encoder.c(23): note: 'encoder_init' declared here
   23 | void encoder_init(void)
      |      ^
../bsp/encoder.c(28): error: member reference base type 'void (void)' is not a structure or union
   28 |     encoder_config.sys_tick_get = Get_Sys_Tick; // ç³»ç»Ÿæ—¶é’Ÿè·å–å‡½æ•°æŒ‡é’ˆ
      |     ~~~~~~~~~~~~~~^~~~~~~~~~~~~
../bsp/encoder.c(30): error: call to undeclared function 'create_encoder_map_with_pool'; ISO C99 and later do not support implicit function declarations [-Wimplicit-function-declaration]
   30 |     map_handle = create_encoder_map_with_pool(encoder_map_data, 360, 12, encoder_map_node_pool, 768);
      |                  ^
../bsp/encoder.c(32): error: use of undeclared identifier 'encoder_config'; did you mean 'encoder_init'?
   32 |     encoder_config.motor_steps_per_unit = 100;  // TODO: ç”µæœºå¤šå°‘æ­¥å¯¹åº”ç¼–ç å™¨å‰è¿›1ä¸ªå•ä½ï¼Œéœ€æ ¹æ®å®é™…æƒ…å†µè¿›è¡Œä¿®æ”¹
      |     ^~~~~~~~~~~~~~
      |     encoder_init
../bsp/encoder.c(23): note: 'encoder_init' declared here
   23 | void encoder_init(void)
      |      ^
../bsp/encoder.c(32): error: member reference base type 'void (void)' is not a structure or union
   32 |     encoder_config.motor_steps_per_unit = 100;  // TODO: ç”µæœºå¤šå°‘æ­¥å¯¹åº”ç¼–ç å™¨å‰è¿›1ä¸ªå•ä½ï¼Œéœ€æ ¹æ®å®é™…æƒ…å†µè¿›è¡Œä¿®æ”¹
      |     ~~~~~~~~~~~~~~^~~~~~~~~~~~~~~~~~~~~
../bsp/encoder.c(33): error: call to undeclared function 'create_encoder'; ISO C99 and later do not support implicit function declarations [-Wimplicit-function-declaration]
   33 |     encoder_nozzle_handle = create_encoder(map_handle, &encoder_config);
      |                             ^
../bsp/encoder.c(33): error: use of undeclared identifier 'encoder_config'; did you mean 'encoder_init'?
   33 |     encoder_nozzle_handle = create_encoder(map_handle, &encoder_config);
      |                                                         ^~~~~~~~~~~~~~
      |                                                         encoder_init
../bsp/encoder.c(23): note: 'encoder_init' declared here
   23 | void encoder_init(void)
      |      ^
../bsp/encoder.c(34): error: use of undeclared identifier 'encoder_config'; did you mean 'encoder_init'?
   34 |     encoder_config.motor_steps_per_unit = 100;  // TODO: ç”µæœºå¤šå°‘æ­¥å¯¹åº”ç¼–ç å™¨å‰è¿›1ä¸ªå•ä½ï¼Œéœ€æ ¹æ®å®é™…æƒ…å†µè¿›è¡Œä¿®æ”¹
      |     ^~~~~~~~~~~~~~
      |     encoder_init
../bsp/encoder.c(23): note: 'encoder_init' declared here
   23 | void encoder_init(void)
      |      ^
../bsp/encoder.c(34): error: member reference base type 'void (void)' is not a structure or union
   34 |     encoder_config.motor_steps_per_unit = 100;  // TODO: ç”µæœºå¤šå°‘æ­¥å¯¹åº”ç¼–ç å™¨å‰è¿›1ä¸ªå•ä½ï¼Œéœ€æ ¹æ®å®é™…æƒ…å†µè¿›è¡Œä¿®æ”¹
      |     ~~~~~~~~~~~~~~^~~~~~~~~~~~~~~~~~~~~
../bsp/encoder.c(35): error: use of undeclared identifier 'encoder_base_handle'; did you mean 'encoder_nozzle_handle'?
   35 |     encoder_base_handle = create_encoder(map_handle, &encoder_config);
      |     ^~~~~~~~~~~~~~~~~~~
      |     encoder_nozzle_handle
../bsp/encoder.c(21): note: 'encoder_nozzle_handle' declared here
   21 | encoder_handle_t encoder_nozzle_handle, encoder_base_handle;
      |                  ^
fatal error: too many errors emitted, stopping now [-ferror-limit=]
20 errors generated.
compiling encoder.c...
compiling at32f403a_407_gpio.c...
compiling at32f403a_407_misc.c...
compiling at32f403a_407_wdt.c...
compiling at32f403a_407_crm.c...
compiling at32f403a_407_rtc.c...
compiling at32f403a_407_adc.c...
compiling at32f403a_407_pwc.c...
compiling at32f403a_407_dma.c...
compiling at32f403a_407_spi.c...
compiling at32f403a_407_usart.c...
compiling at32f403a_407_bpr.c...
compiling at32f403a_407_exint.c...
compiling at32f403a_407_crc.c...
compiling at32f403a_407_i2c.c...
compiling at32f403a_407_tmr.c...
assembling startup_at32f403a_407.s...
compiling core_key.c...
compiling at32f403a_407_flash.c...
compiling core_tick.c...
compiling system_at32f403a_407.c...
compiling platform.c...
compiling TimeEvent.c...
compiling core_pm25.c...
compiling core_fan_speed_handle.c...
compiling core_te.c...
compiling core_drive_flash.c...
compiling core_hepa.c...
compiling core_off_timer.c...
compiling core_compile_time.c...
compiling core_power.c...
compiling core_uart_protocol.c...
compiling core_ir.c...
compiling absolute_encoder.c...
compiling encoder_map.c...
compiling input_preprocessor.c...
compiling position_tracker.c...
compiling smart_search_manager.c...
compiling test_example.c...
".\objects\Dyson831-P2.axf" - 19 Error(s), 0 Warning(s).

<h2>Software Packages used:</h2>

Package Vendor: ArteryTek
                
                ArteryTek::AT32F403A_407_DFP@2.2.2
                ArteryTek AT32F403A_407 Series Device Support,Drivers

<h2>Collection of Component include folders:</h2>
  C:/Keil_v5/ARM/PACK/ArteryTek/AT32F403A_407_DFP/2.2.2/Device/Include

<h2>Collection of Component Files used:</h2>
Target not created.
Build Time Elapsed:  00:00:03
</pre>
</body>
</html>
